  YH_Animation.cpp
  YH_Animator.cpp
  YH_Camera.cpp
  YH_GameObject.cpp
  YH_Input.cpp
  YH_Layer.cpp
  C:\Program Files (x86)\Windows Kits\10\Include\10.0.22621.0\um\dinput.h: DIRECTINPUT_VERSION undefined. Defaulting to version 0x0800
  C:\Program Files (x86)\Windows Kits\10\Include\10.0.22621.0\um\dinput.h: DIRECTINPUT_VERSION undefined. Defaulting to version 0x0800
  C:\Program Files (x86)\Windows Kits\10\Include\10.0.22621.0\um\dinput.h: DIRECTINPUT_VERSION undefined. Defaulting to version 0x0800
  C:\Program Files (x86)\Windows Kits\10\Include\10.0.22621.0\um\dinput.h: DIRECTINPUT_VERSION undefined. Defaulting to version 0x0800
  C:\Program Files (x86)\Windows Kits\10\Include\10.0.22621.0\um\dinput.h: DIRECTINPUT_VERSION undefined. Defaulting to version 0x0800
  C:\Program Files (x86)\Windows Kits\10\Include\10.0.22621.0\um\dinput.h: DIRECTINPUT_VERSION undefined. Defaulting to version 0x0800
C:\Users\user\Documents\GitHub\Windosw_API_Project_Terraria\WinAPI_Source\YH_Input.cpp(102,31): warning C4244: '=': 'LONG'에서 'float'(으)로 변환하면서 데이터가 손실될 수 있습니다.
C:\Users\user\Documents\GitHub\Windosw_API_Project_Terraria\WinAPI_Source\YH_Input.cpp(103,31): warning C4244: '=': 'LONG'에서 'float'(으)로 변환하면서 데이터가 손실될 수 있습니다.
C:\Users\user\Documents\GitHub\Windosw_API_Project_Terraria\WinAPI_Source\YH_Animation.cpp(38,16): warning C4018: '<': signed 또는 unsigned가 일치하지 않습니다.
C:\Users\user\Documents\GitHub\Windosw_API_Project_Terraria\WinAPI_Source\YH_Animation.cpp(83,33): warning C4244: '인수': 'float'에서 'int'(으)로 변환하면서 데이터가 손실될 수 있습니다.
C:\Users\user\Documents\GitHub\Windosw_API_Project_Terraria\WinAPI_Source\YH_Animation.cpp(83,18): warning C4244: '인수': 'float'에서 'int'(으)로 변환하면서 데이터가 손실될 수 있습니다.
C:\Users\user\Documents\GitHub\Windosw_API_Project_Terraria\WinAPI_Source\YH_Animation.cpp(82,47): warning C4244: '인수': 'float'에서 'int'(으)로 변환하면서 데이터가 손실될 수 있습니다.
C:\Users\user\Documents\GitHub\Windosw_API_Project_Terraria\WinAPI_Source\YH_Animation.cpp(82,29): warning C4244: '인수': 'float'에서 'int'(으)로 변환하면서 데이터가 손실될 수 있습니다.
C:\Users\user\Documents\GitHub\Windosw_API_Project_Terraria\WinAPI_Source\YH_Animation.cpp(81,21): warning C4244: '인수': 'float'에서 'int'(으)로 변환하면서 데이터가 손실될 수 있습니다.
C:\Users\user\Documents\GitHub\Windosw_API_Project_Terraria\WinAPI_Source\YH_Animation.cpp(80,21): warning C4244: '인수': 'float'에서 'int'(으)로 변환하면서 데이터가 손실될 수 있습니다.
C:\Users\user\Documents\GitHub\Windosw_API_Project_Terraria\WinAPI_Source\YH_Animation.cpp(79,58): warning C4244: '인수': 'float'에서 'int'(으)로 변환하면서 데이터가 손실될 수 있습니다.
C:\Users\user\Documents\GitHub\Windosw_API_Project_Terraria\WinAPI_Source\YH_Animation.cpp(79,26): warning C4244: '인수': 'float'에서 'int'(으)로 변환하면서 데이터가 손실될 수 있습니다.
C:\Users\user\Documents\GitHub\Windosw_API_Project_Terraria\WinAPI_Source\YH_Animation.cpp(109,18): warning C4244: '인수': 'float'에서 'INT'(으)로 변환하면서 데이터가 손실될 수 있습니다.
C:\Users\user\Documents\GitHub\Windosw_API_Project_Terraria\WinAPI_Source\YH_Animation.cpp(108,18): warning C4244: '인수': 'float'에서 'INT'(으)로 변환하면서 데이터가 손실될 수 있습니다.
C:\Users\user\Documents\GitHub\Windosw_API_Project_Terraria\WinAPI_Source\YH_Animation.cpp(107,21): warning C4244: '인수': 'float'에서 'INT'(으)로 변환하면서 데이터가 손실될 수 있습니다.
C:\Users\user\Documents\GitHub\Windosw_API_Project_Terraria\WinAPI_Source\YH_Animation.cpp(106,21): warning C4244: '인수': 'float'에서 'INT'(으)로 변환하면서 데이터가 손실될 수 있습니다.
C:\Users\user\Documents\GitHub\Windosw_API_Project_Terraria\WinAPI_Source\YH_Animation.cpp(104,22): warning C4244: '인수': 'float'에서 'INT'(으)로 변환하면서 데이터가 손실될 수 있습니다.
C:\Users\user\Documents\GitHub\Windosw_API_Project_Terraria\WinAPI_Source\YH_Animation.cpp(103,22): warning C4244: '인수': 'float'에서 'INT'(으)로 변환하면서 데이터가 손실될 수 있습니다.
C:\Users\user\Documents\GitHub\Windosw_API_Project_Terraria\WinAPI_Source\YH_Animation.cpp(102,14): warning C4244: '인수': 'float'에서 'INT'(으)로 변환하면서 데이터가 손실될 수 있습니다.
C:\Users\user\Documents\GitHub\Windosw_API_Project_Terraria\WinAPI_Source\YH_Animation.cpp(101,14): warning C4244: '인수': 'float'에서 'INT'(으)로 변환하면서 데이터가 손실될 수 있습니다.
  YH_Math.cpp
  YH_Renderer.cpp
  YH_Resource.cpp
  YH_Resources.cpp
  YH_Rocket.cpp
  YH_Script.cpp
  YH_Texture.cpp
  C:\Program Files (x86)\Windows Kits\10\Include\10.0.22621.0\um\dinput.h: DIRECTINPUT_VERSION undefined. Defaulting to version 0x0800
  C:\Program Files (x86)\Windows Kits\10\Include\10.0.22621.0\um\dinput.h: DIRECTINPUT_VERSION undefined. Defaulting to version 0x0800
  C:\Program Files (x86)\Windows Kits\10\Include\10.0.22621.0\um\dinput.h: DIRECTINPUT_VERSION undefined. Defaulting to version 0x0800
  C:\Program Files (x86)\Windows Kits\10\Include\10.0.22621.0\um\dinput.h: DIRECTINPUT_VERSION undefined. Defaulting to version 0x0800
  C:\Program Files (x86)\Windows Kits\10\Include\10.0.22621.0\um\dinput.h: DIRECTINPUT_VERSION undefined. Defaulting to version 0x0800
  C:\Program Files (x86)\Windows Kits\10\Include\10.0.22621.0\um\dinput.h: DIRECTINPUT_VERSION undefined. Defaulting to version 0x0800
  YH_Time.cpp
C:\Users\user\Documents\GitHub\Windosw_API_Project_Terraria\WinAPI_Source\YH_Rocket.cpp(52,50): warning C4244: '인수': 'float'에서 'int'(으)로 변환하면서 데이터가 손실될 수 있습니다.
C:\Users\user\Documents\GitHub\Windosw_API_Project_Terraria\WinAPI_Source\YH_Rocket.cpp(52,40): warning C4244: '인수': 'float'에서 'int'(으)로 변환하면서 데이터가 손실될 수 있습니다.
C:\Users\user\Documents\GitHub\Windosw_API_Project_Terraria\WinAPI_Source\YH_Rocket.cpp(52,30): warning C4244: '인수': 'float'에서 'int'(으)로 변환하면서 데이터가 손실될 수 있습니다.
C:\Users\user\Documents\GitHub\Windosw_API_Project_Terraria\WinAPI_Source\YH_Rocket.cpp(52,20): warning C4244: '인수': 'float'에서 'int'(으)로 변환하면서 데이터가 손실될 수 있습니다.
  YH_Application.cpp
  YH_Component.cpp
  YH_Entity.cpp
  YH_Scene.cpp
  YH_SceneManager.cpp
  C:\Program Files (x86)\Windows Kits\10\Include\10.0.22621.0\um\dinput.h: DIRECTINPUT_VERSION undefined. Defaulting to version 0x0800
  YH_SpriteRenderer.cpp
  C:\Program Files (x86)\Windows Kits\10\Include\10.0.22621.0\um\dinput.h: DIRECTINPUT_VERSION undefined. Defaulting to version 0x0800
  C:\Program Files (x86)\Windows Kits\10\Include\10.0.22621.0\um\dinput.h: DIRECTINPUT_VERSION undefined. Defaulting to version 0x0800
  C:\Program Files (x86)\Windows Kits\10\Include\10.0.22621.0\um\dinput.h: DIRECTINPUT_VERSION undefined. Defaulting to version 0x0800
  C:\Program Files (x86)\Windows Kits\10\Include\10.0.22621.0\um\dinput.h: DIRECTINPUT_VERSION undefined. Defaulting to version 0x0800
C:\Users\user\Documents\GitHub\Windosw_API_Project_Terraria\WinAPI_Source\YH_Application.cpp(70,23): warning C4838: 'UINT'에서 'LONG'(으)로의 변환에는 축소 변환이 필요합니다.
C:\Users\user\Documents\GitHub\Windosw_API_Project_Terraria\WinAPI_Source\YH_Application.cpp(70,30): warning C4838: 'UINT'에서 'LONG'(으)로의 변환에는 축소 변환이 필요합니다.
  C:\Program Files (x86)\Windows Kits\10\Include\10.0.22621.0\um\dinput.h: DIRECTINPUT_VERSION undefined. Defaulting to version 0x0800
  YH_Transform.cpp
  YH_LobbyScene.cpp
  YH_Mushroom.cpp
  YH_MushScript.cpp
  YH_Player.cpp
  C:\Program Files (x86)\Windows Kits\10\Include\10.0.22621.0\um\dinput.h: DIRECTINPUT_VERSION undefined. Defaulting to version 0x0800
C:\Users\user\Documents\GitHub\Windosw_API_Project_Terraria\WinAPI_Source\YH_SpriteRenderer.cpp(49,41): warning C4244: '인수': 'float'에서 'int'(으)로 변환하면서 데이터가 손실될 수 있습니다.
C:\Users\user\Documents\GitHub\Windosw_API_Project_Terraria\WinAPI_Source\YH_SpriteRenderer.cpp(48,40): warning C4244: '인수': 'float'에서 'int'(으)로 변환하면서 데이터가 손실될 수 있습니다.
C:\Users\user\Documents\GitHub\Windosw_API_Project_Terraria\WinAPI_Source\YH_SpriteRenderer.cpp(47,34): warning C4244: '인수': 'float'에서 'int'(으)로 변환하면서 데이터가 손실될 수 있습니다.
C:\Users\user\Documents\GitHub\Windosw_API_Project_Terraria\WinAPI_Source\YH_SpriteRenderer.cpp(47,27): warning C4244: '인수': 'float'에서 'int'(으)로 변환하면서 데이터가 손실될 수 있습니다.
C:\Users\user\Documents\GitHub\Windosw_API_Project_Terraria\WinAPI_Source\YH_SpriteRenderer.cpp(71,42): warning C4244: '인수': 'float'에서 'INT'(으)로 변환하면서 데이터가 손실될 수 있습니다.
C:\Users\user\Documents\GitHub\Windosw_API_Project_Terraria\WinAPI_Source\YH_SpriteRenderer.cpp(70,41): warning C4244: '인수': 'float'에서 'INT'(으)로 변환하면서 데이터가 손실될 수 있습니다.
C:\Users\user\Documents\GitHub\Windosw_API_Project_Terraria\WinAPI_Source\YH_SpriteRenderer.cpp(69,16): warning C4244: '인수': 'float'에서 'INT'(으)로 변환하면서 데이터가 손실될 수 있습니다.
C:\Users\user\Documents\GitHub\Windosw_API_Project_Terraria\WinAPI_Source\YH_SpriteRenderer.cpp(69,9): warning C4244: '인수': 'float'에서 'INT'(으)로 변환하면서 데이터가 손실될 수 있습니다.
  C:\Program Files (x86)\Windows Kits\10\Include\10.0.22621.0\um\dinput.h: DIRECTINPUT_VERSION undefined. Defaulting to version 0x0800
  YH_PlayerScript.cpp
  C:\Program Files (x86)\Windows Kits\10\Include\10.0.22621.0\um\dinput.h: DIRECTINPUT_VERSION undefined. Defaulting to version 0x0800
  C:\Program Files (x86)\Windows Kits\10\Include\10.0.22621.0\um\dinput.h: DIRECTINPUT_VERSION undefined. Defaulting to version 0x0800
  C:\Program Files (x86)\Windows Kits\10\Include\10.0.22621.0\um\dinput.h: DIRECTINPUT_VERSION undefined. Defaulting to version 0x0800
  YH_PlayScene.cpp
  YH_TitleScene.cpp
  C:\Program Files (x86)\Windows Kits\10\Include\10.0.22621.0\um\dinput.h: DIRECTINPUT_VERSION undefined. Defaulting to version 0x0800
  C:\Program Files (x86)\Windows Kits\10\Include\10.0.22621.0\um\dinput.h: DIRECTINPUT_VERSION undefined. Defaulting to version 0x0800
  C:\Program Files (x86)\Windows Kits\10\Include\10.0.22621.0\um\dinput.h: DIRECTINPUT_VERSION undefined. Defaulting to version 0x0800
  C:\Program Files (x86)\Windows Kits\10\Include\10.0.22621.0\um\dinput.h: DIRECTINPUT_VERSION undefined. Defaulting to version 0x0800
  WinAPI_Engine.vcxproj -> C:\Users\user\Documents\GitHub\Windosw_API_Project_Terraria\Editor_Window\Debug\WinAPI_Engine.lib
