c:\users\user\documents\github\windosw_api_project_terraria\editor_window\x64\debug\yh_boxcollider2d.obj
c:\users\user\documents\github\windosw_api_project_terraria\editor_window\x64\debug\yh_dontdestroyonload.obj
c:\users\user\documents\github\windosw_api_project_terraria\editor_window\x64\debug\yh_object.obj
c:\users\user\documents\github\windosw_api_project_terraria\editor_window\x64\debug\yh_script.obj
c:\users\user\documents\github\windosw_api_project_terraria\editor_window\x64\debug\yh_entity.obj
c:\users\user\documents\github\windosw_api_project_terraria\editor_window\x64\debug\yh_uibosshpbar.obj
c:\users\user\documents\github\windosw_api_project_terraria\editor_window\x64\debug\yh_uihud.obj
c:\users\user\documents\github\windosw_api_project_terraria\editor_window\x64\debug\yh_audioclip.obj
c:\users\user\documents\github\windosw_api_project_terraria\editor_window\x64\debug\yh_circlecollider2d.obj
c:\users\user\documents\github\windosw_api_project_terraria\editor_window\x64\debug\yh_gameobject.obj
c:\users\user\documents\github\windosw_api_project_terraria\editor_window\x64\debug\yh_resources.obj
c:\users\user\documents\github\windosw_api_project_terraria\editor_window\x64\debug\yh_time.obj
c:\users\user\documents\github\windosw_api_project_terraria\editor_window\x64\debug\yh_spriterenderer.obj
c:\users\user\documents\github\windosw_api_project_terraria\editor_window\x64\debug\yh_uiexp.obj
c:\users\user\documents\github\windosw_api_project_terraria\editor_window\x64\debug\editor_window.obj
c:\users\user\documents\github\windosw_api_project_terraria\editor_window\x64\debug\yh_audiosource.obj
c:\users\user\documents\github\windosw_api_project_terraria\editor_window\x64\debug\yh_fmod.obj
c:\users\user\documents\github\windosw_api_project_terraria\editor_window\x64\debug\yh_resource.obj
c:\users\user\documents\github\windosw_api_project_terraria\editor_window\x64\debug\yh_tilemaprenderer.obj
c:\users\user\documents\github\windosw_api_project_terraria\editor_window\x64\debug\yh_scene.obj
c:\users\user\documents\github\windosw_api_project_terraria\editor_window\x64\debug\yh_uibosshud.obj
c:\users\user\documents\github\windosw_api_project_terraria\editor_window\x64\debug\yh_uimanager.obj
c:\users\user\documents\github\windosw_api_project_terraria\editor_window\x64\debug\yh_animator.obj
c:\users\user\documents\github\windosw_api_project_terraria\editor_window\x64\debug\yh_collider.obj
c:\users\user\documents\github\windosw_api_project_terraria\editor_window\x64\debug\yh_input.obj
c:\users\user\documents\github\windosw_api_project_terraria\editor_window\x64\debug\yh_rigidbody.obj
c:\users\user\documents\github\windosw_api_project_terraria\editor_window\x64\debug\yh_application.obj
c:\users\user\documents\github\windosw_api_project_terraria\editor_window\x64\debug\yh_uibase.obj
c:\users\user\documents\github\windosw_api_project_terraria\editor_window\x64\debug\yh_uihpbar.obj
c:\users\user\documents\github\windosw_api_project_terraria\editor_window\x64\debug\yh_audiolistener.obj
c:\users\user\documents\github\windosw_api_project_terraria\editor_window\x64\debug\yh_collisionmanager.obj
c:\users\user\documents\github\windosw_api_project_terraria\editor_window\x64\debug\yh_math.obj
c:\users\user\documents\github\windosw_api_project_terraria\editor_window\x64\debug\yh_renderer.obj
c:\users\user\documents\github\windosw_api_project_terraria\editor_window\x64\debug\yh_texture.obj
c:\users\user\documents\github\windosw_api_project_terraria\editor_window\x64\debug\yh_scenemanager.obj
c:\users\user\documents\github\windosw_api_project_terraria\editor_window\x64\debug\yh_uibutton.obj
c:\users\user\documents\github\windosw_api_project_terraria\editor_window\x64\debug\yh_uiminimap.obj
c:\users\user\documents\github\windosw_api_project_terraria\editor_window\x64\debug\yh_animation.obj
c:\users\user\documents\github\windosw_api_project_terraria\editor_window\x64\debug\yh_camera.obj
c:\users\user\documents\github\windosw_api_project_terraria\editor_window\x64\debug\yh_layer.obj
c:\users\user\documents\github\windosw_api_project_terraria\editor_window\x64\debug\yh_rocket.obj
c:\users\user\documents\github\windosw_api_project_terraria\editor_window\x64\debug\yh_component.obj
c:\users\user\documents\github\windosw_api_project_terraria\editor_window\x64\debug\yh_transform.obj
c:\users\user\documents\github\windosw_api_project_terraria\editor_window\x64\debug\yh_uifadeinout.obj
c:\users\user\documents\github\windosw_api_project_terraria\editor_window\x64\debug\yh_uimpbar.obj
c:\users\user\documents\github\windosw_api_project_terraria\editor_window\x64\debug\vc143.pdb
c:\users\user\documents\github\windosw_api_project_terraria\editor_window\x64\debug\vc143.idb
c:\users\user\documents\github\windosw_api_project_terraria\editor_window\x64\debug\editor_window.exe
c:\users\user\documents\github\windosw_api_project_terraria\editor_window\x64\debug\editor_window.ilk
c:\users\user\documents\github\windosw_api_project_terraria\editor_window\x64\debug\editor_window.pdb
c:\users\user\documents\github\windosw_api_project_terraria\editor_window\x64\debug\editor_window.res
c:\users\user\documents\github\windosw_api_project_terraria\editor_window\x64\debug\winapi_engine.idb
c:\users\user\documents\github\windosw_api_project_terraria\editor_window\x64\debug\winapi_engine.pdb
c:\users\user\documents\github\windosw_api_project_terraria\editor_window\x64\debug\editor_window.tlog\cl.command.1.tlog
c:\users\user\documents\github\windosw_api_project_terraria\editor_window\x64\debug\editor_window.tlog\cl.items.tlog
c:\users\user\documents\github\windosw_api_project_terraria\editor_window\x64\debug\editor_window.tlog\cl.read.1.tlog
c:\users\user\documents\github\windosw_api_project_terraria\editor_window\x64\debug\editor_window.tlog\cl.write.1.tlog
c:\users\user\documents\github\windosw_api_project_terraria\editor_window\x64\debug\editor_window.tlog\link.command.1.tlog
c:\users\user\documents\github\windosw_api_project_terraria\editor_window\x64\debug\editor_window.tlog\link.read.1.tlog
c:\users\user\documents\github\windosw_api_project_terraria\editor_window\x64\debug\editor_window.tlog\link.write.1.tlog
c:\users\user\documents\github\windosw_api_project_terraria\editor_window\x64\debug\editor_window.tlog\rc.command.1.tlog
c:\users\user\documents\github\windosw_api_project_terraria\editor_window\x64\debug\editor_window.tlog\rc.read.1.tlog
c:\users\user\documents\github\windosw_api_project_terraria\editor_window\x64\debug\editor_window.tlog\rc.write.1.tlog
