  YH_Animation.cpp
  YH_Application.cpp
  YH_Camera.cpp
  YH_GameObject.cpp
  YH_Input.cpp
  YH_Layer.cpp
  YH_Scene.cpp
  YH_SceneManager.cpp
  YH_SpriteRenderer.cpp
  YH_Texture.cpp
  YH_Transform.cpp
  Editor_Window.cpp
  C:\Program Files (x86)\Windows Kits\10\Include\10.0.22621.0\um\dinput.h: DIRECTINPUT_VERSION undefined. Defaulting to version 0x0800
  C:\Program Files (x86)\Windows Kits\10\Include\10.0.22621.0\um\dinput.h: DIRECTINPUT_VERSION undefined. Defaulting to version 0x0800
  C:\Program Files (x86)\Windows Kits\10\Include\10.0.22621.0\um\dinput.h: DIRECTINPUT_VERSION undefined. Defaulting to version 0x0800
  C:\Program Files (x86)\Windows Kits\10\Include\10.0.22621.0\um\dinput.h: DIRECTINPUT_VERSION undefined. Defaulting to version 0x0800
  C:\Program Files (x86)\Windows Kits\10\Include\10.0.22621.0\um\dinput.h: DIRECTINPUT_VERSION undefined. Defaulting to version 0x0800
  C:\Program Files (x86)\Windows Kits\10\Include\10.0.22621.0\um\dinput.h: DIRECTINPUT_VERSION undefined. Defaulting to version 0x0800
  C:\Program Files (x86)\Windows Kits\10\Include\10.0.22621.0\um\dinput.h: DIRECTINPUT_VERSION undefined. Defaulting to version 0x0800
  C:\Program Files (x86)\Windows Kits\10\Include\10.0.22621.0\um\dinput.h: DIRECTINPUT_VERSION undefined. Defaulting to version 0x0800
  C:\Program Files (x86)\Windows Kits\10\Include\10.0.22621.0\um\dinput.h: DIRECTINPUT_VERSION undefined. Defaulting to version 0x0800
  C:\Program Files (x86)\Windows Kits\10\Include\10.0.22621.0\um\dinput.h: DIRECTINPUT_VERSION undefined. Defaulting to version 0x0800
  C:\Program Files (x86)\Windows Kits\10\Include\10.0.22621.0\um\dinput.h: DIRECTINPUT_VERSION undefined. Defaulting to version 0x0800
C:\Users\gil52\OneDrive\문서\GitHub\Windosw_API_Project_Terraria\WinAPI_Source\YH_Application.cpp(70,23): warning C4838: 'UINT'에서 'LONG'(으)로의 변환에는 축소 변환이 필요합니다.
C:\Users\gil52\OneDrive\문서\GitHub\Windosw_API_Project_Terraria\WinAPI_Source\YH_Application.cpp(70,30): warning C4838: 'UINT'에서 'LONG'(으)로의 변환에는 축소 변환이 필요합니다.
C:\Users\gil52\OneDrive\문서\GitHub\Windosw_API_Project_Terraria\WinAPI_Source\YH_Animation.cpp(83,33): warning C4244: '인수': 'float'에서 'int'(으)로 변환하면서 데이터가 손실될 수 있습니다.
C:\Users\gil52\OneDrive\문서\GitHub\Windosw_API_Project_Terraria\WinAPI_Source\YH_Animation.cpp(83,18): warning C4244: '인수': 'float'에서 'int'(으)로 변환하면서 데이터가 손실될 수 있습니다.
C:\Users\gil52\OneDrive\문서\GitHub\Windosw_API_Project_Terraria\WinAPI_Source\YH_Animation.cpp(82,47): warning C4244: '인수': 'float'에서 'int'(으)로 변환하면서 데이터가 손실될 수 있습니다.
C:\Users\gil52\OneDrive\문서\GitHub\Windosw_API_Project_Terraria\WinAPI_Source\YH_Animation.cpp(82,29): warning C4244: '인수': 'float'에서 'int'(으)로 변환하면서 데이터가 손실될 수 있습니다.
C:\Users\gil52\OneDrive\문서\GitHub\Windosw_API_Project_Terraria\WinAPI_Source\YH_Animation.cpp(81,21): warning C4244: '인수': 'float'에서 'int'(으)로 변환하면서 데이터가 손실될 수 있습니다.
C:\Users\gil52\OneDrive\문서\GitHub\Windosw_API_Project_Terraria\WinAPI_Source\YH_Animation.cpp(80,21): warning C4244: '인수': 'float'에서 'int'(으)로 변환하면서 데이터가 손실될 수 있습니다.
C:\Users\gil52\OneDrive\문서\GitHub\Windosw_API_Project_Terraria\WinAPI_Source\YH_Animation.cpp(79,58): warning C4244: '인수': 'float'에서 'int'(으)로 변환하면서 데이터가 손실될 수 있습니다.
C:\Users\gil52\OneDrive\문서\GitHub\Windosw_API_Project_Terraria\WinAPI_Source\YH_Animation.cpp(79,26): warning C4244: '인수': 'float'에서 'int'(으)로 변환하면서 데이터가 손실될 수 있습니다.
C:\Users\gil52\OneDrive\문서\GitHub\Windosw_API_Project_Terraria\WinAPI_Source\YH_Animation.cpp(109,18): warning C4244: '인수': 'float'에서 'INT'(으)로 변환하면서 데이터가 손실될 수 있습니다.
C:\Users\gil52\OneDrive\문서\GitHub\Windosw_API_Project_Terraria\WinAPI_Source\YH_Animation.cpp(108,18): warning C4244: '인수': 'float'에서 'INT'(으)로 변환하면서 데이터가 손실될 수 있습니다.
C:\Users\gil52\OneDrive\문서\GitHub\Windosw_API_Project_Terraria\WinAPI_Source\YH_Animation.cpp(107,21): warning C4244: '인수': 'float'에서 'INT'(으)로 변환하면서 데이터가 손실될 수 있습니다.
C:\Users\gil52\OneDrive\문서\GitHub\Windosw_API_Project_Terraria\WinAPI_Source\YH_Animation.cpp(106,21): warning C4244: '인수': 'float'에서 'INT'(으)로 변환하면서 데이터가 손실될 수 있습니다.
C:\Users\gil52\OneDrive\문서\GitHub\Windosw_API_Project_Terraria\WinAPI_Source\YH_Animation.cpp(104,22): warning C4244: '인수': 'float'에서 'INT'(으)로 변환하면서 데이터가 손실될 수 있습니다.
C:\Users\gil52\OneDrive\문서\GitHub\Windosw_API_Project_Terraria\WinAPI_Source\YH_Animation.cpp(103,22): warning C4244: '인수': 'float'에서 'INT'(으)로 변환하면서 데이터가 손실될 수 있습니다.
C:\Users\gil52\OneDrive\문서\GitHub\Windosw_API_Project_Terraria\WinAPI_Source\YH_Animation.cpp(102,14): warning C4244: '인수': 'float'에서 'INT'(으)로 변환하면서 데이터가 손실될 수 있습니다.
C:\Users\gil52\OneDrive\문서\GitHub\Windosw_API_Project_Terraria\WinAPI_Source\YH_Animation.cpp(101,14): warning C4244: '인수': 'float'에서 'INT'(으)로 변환하면서 데이터가 손실될 수 있습니다.
C:\Users\gil52\OneDrive\문서\GitHub\Windosw_API_Project_Terraria\WinAPI_Source\YH_SpriteRenderer.cpp(49,41): warning C4244: '인수': 'float'에서 'int'(으)로 변환하면서 데이터가 손실될 수 있습니다.
C:\Users\gil52\OneDrive\문서\GitHub\Windosw_API_Project_Terraria\WinAPI_Source\YH_SpriteRenderer.cpp(48,40): warning C4244: '인수': 'float'에서 'int'(으)로 변환하면서 데이터가 손실될 수 있습니다.
C:\Users\gil52\OneDrive\문서\GitHub\Windosw_API_Project_Terraria\WinAPI_Source\YH_SpriteRenderer.cpp(47,34): warning C4244: '인수': 'float'에서 'int'(으)로 변환하면서 데이터가 손실될 수 있습니다.
C:\Users\gil52\OneDrive\문서\GitHub\Windosw_API_Project_Terraria\WinAPI_Source\YH_SpriteRenderer.cpp(47,27): warning C4244: '인수': 'float'에서 'int'(으)로 변환하면서 데이터가 손실될 수 있습니다.
C:\Users\gil52\OneDrive\문서\GitHub\Windosw_API_Project_Terraria\WinAPI_Source\YH_SpriteRenderer.cpp(71,42): warning C4244: '인수': 'float'에서 'INT'(으)로 변환하면서 데이터가 손실될 수 있습니다.
C:\Users\gil52\OneDrive\문서\GitHub\Windosw_API_Project_Terraria\WinAPI_Source\YH_SpriteRenderer.cpp(70,41): warning C4244: '인수': 'float'에서 'INT'(으)로 변환하면서 데이터가 손실될 수 있습니다.
C:\Users\gil52\OneDrive\문서\GitHub\Windosw_API_Project_Terraria\WinAPI_Source\YH_SpriteRenderer.cpp(69,16): warning C4244: '인수': 'float'에서 'INT'(으)로 변환하면서 데이터가 손실될 수 있습니다.
C:\Users\gil52\OneDrive\문서\GitHub\Windosw_API_Project_Terraria\WinAPI_Source\YH_SpriteRenderer.cpp(69,9): warning C4244: '인수': 'float'에서 'INT'(으)로 변환하면서 데이터가 손실될 수 있습니다.
  C:\Program Files (x86)\Windows Kits\10\Include\10.0.22621.0\um\dinput.h: DIRECTINPUT_VERSION undefined. Defaulting to version 0x0800
C:\Users\gil52\OneDrive\문서\GitHub\Windosw_API_Project_Terraria\Editor_Window\Editor_Window.cpp(158,10): warning C4311: '형식 캐스트': 'int *'에서 'unsigned int'(으)로 포인터가 잘립니다.
C:\Users\gil52\OneDrive\문서\GitHub\Windosw_API_Project_Terraria\Editor_Window\Editor_Window.cpp(158,10): warning C4302: '형식 캐스트': 'int *'에서 'unsigned int'(으)로 잘립니다.
  Editor_Window.vcxproj -> C:\Users\gil52\OneDrive\문서\GitHub\Windosw_API_Project_Terraria\Editor_Window\x64\Debug\Editor_Window.exe
